[2026-03-24 13:28:10.481 +07:00 INF] Startup Starting Jira Clone in Production mode.
[2026-03-24 13:28:10.530 +07:00 INF] JiraClone.Infrastructure.Api.LocalApiServer Local API server started on http://localhost:47892.
[2026-03-24 13:28:11.010 +07:00 WRN] Microsoft.EntityFrameworkCore.Model.Validation Sensitive data logging is enabled. Log entries and exception messages may include sensitive application data; this mode should only be enabled during development.
[2026-03-24 13:28:11.142 +07:00 WRN] Microsoft.EntityFrameworkCore.Model.Validation The 'BoardType' property 'BoardType' on entity type 'Project' is configured with a database-generated default, but has no configured sentinel value. The database-generated default will always be used for inserts when the property has the value '0', since this is the CLR default for the 'BoardType' type. Consider using a nullable type, using a nullable backing field, or setting the sentinel value for the property to ensure the database default is used when, and only when, appropriate. See https://aka.ms/efcore-docs-default-values for more information.
[2026-03-24 13:28:11.386 +07:00 INF] JiraClone.WinForms.Composition.AppSession Database migration check completed successfully.
[2026-03-24 13:28:11.417 +07:00 INF] JiraClone.Application.Auth.AuthenticationService Validating persistent session for user 1.
[2026-03-24 13:28:11.550 +07:00 WRN] Microsoft.EntityFrameworkCore.Query Compiling a query which loads related collections for more than one collection navigation, either via 'Include' or through projection, but no 'QuerySplittingBehavior' has been configured. By default, Entity Framework will use 'QuerySplittingBehavior.SingleQuery', which can potentially result in slow query performance. See https://go.microsoft.com/fwlink/?linkid=2134277 for more information. To identify the query that's triggering this warning call 'ConfigureWarnings(w => w.Throw(RelationalEventId.MultipleCollectionIncludeWarning))'.
[2026-03-24 13:28:11.662 +07:00 INF] JiraClone.Application.Auth.AuthenticationService Persistent session validation succeeded for user 1.
[2026-03-24 13:28:11.972 +07:00 INF] Startup Persisted session restored for user 1.
[2026-03-24 13:32:21.941 +07:00 INF] Startup Starting Jira Clone in Production mode.
[2026-03-24 13:32:21.973 +07:00 INF] JiraClone.Infrastructure.Api.LocalApiServer Local API server started on http://localhost:47892.
[2026-03-24 13:32:22.351 +07:00 WRN] Microsoft.EntityFrameworkCore.Model.Validation Sensitive data logging is enabled. Log entries and exception messages may include sensitive application data; this mode should only be enabled during development.
[2026-03-24 13:32:22.456 +07:00 WRN] Microsoft.EntityFrameworkCore.Model.Validation The 'BoardType' property 'BoardType' on entity type 'Project' is configured with a database-generated default, but has no configured sentinel value. The database-generated default will always be used for inserts when the property has the value '0', since this is the CLR default for the 'BoardType' type. Consider using a nullable type, using a nullable backing field, or setting the sentinel value for the property to ensure the database default is used when, and only when, appropriate. See https://aka.ms/efcore-docs-default-values for more information.
[2026-03-24 13:32:22.638 +07:00 INF] JiraClone.WinForms.Composition.AppSession Database migration check completed successfully.
[2026-03-24 14:49:34.694 +07:00 INF] Startup Starting Jira Clone in Production mode.
[2026-03-24 14:49:34.726 +07:00 INF] JiraClone.Infrastructure.Api.LocalApiServer Local API server started on http://localhost:47892.
[2026-03-24 14:49:35.164 +07:00 WRN] Microsoft.EntityFrameworkCore.Model.Validation Sensitive data logging is enabled. Log entries and exception messages may include sensitive application data; this mode should only be enabled during development.
[2026-03-24 14:49:35.283 +07:00 WRN] Microsoft.EntityFrameworkCore.Model.Validation The 'BoardType' property 'BoardType' on entity type 'Project' is configured with a database-generated default, but has no configured sentinel value. The database-generated default will always be used for inserts when the property has the value '0', since this is the CLR default for the 'BoardType' type. Consider using a nullable type, using a nullable backing field, or setting the sentinel value for the property to ensure the database default is used when, and only when, appropriate. See https://aka.ms/efcore-docs-default-values for more information.
[2026-03-24 14:49:35.482 +07:00 INF] JiraClone.WinForms.Composition.AppSession Database migration check completed successfully.
[2026-03-24 14:49:35.504 +07:00 INF] JiraClone.Application.Auth.AuthenticationService Validating persistent session for user 1.
[2026-03-24 14:49:35.634 +07:00 WRN] Microsoft.EntityFrameworkCore.Query Compiling a query which loads related collections for more than one collection navigation, either via 'Include' or through projection, but no 'QuerySplittingBehavior' has been configured. By default, Entity Framework will use 'QuerySplittingBehavior.SingleQuery', which can potentially result in slow query performance. See https://go.microsoft.com/fwlink/?linkid=2134277 for more information. To identify the query that's triggering this warning call 'ConfigureWarnings(w => w.Throw(RelationalEventId.MultipleCollectionIncludeWarning))'.
[2026-03-24 14:49:35.736 +07:00 INF] JiraClone.Application.Auth.AuthenticationService Persistent session validation succeeded for user 1.
[2026-03-24 14:49:36.011 +07:00 INF] Startup Persisted session restored for user 1.
